<?xml version="1.0" encoding="UTF-8"?>
<!-- Generated by org.testng.reporters.JUnitReportReporter -->
<testsuite skipped="0" hostname="IN5CG9292KLF" name="com.app.qa.testcases.FlightSearchTest" tests="4" failures="0" timestamp="2019-10-31T11:26:05 IST" time="67.616" errors="0">
  <testcase name="verfiyFlightSearchTitleTest" time="17.817" classname="com.app.qa.testcases.FlightSearchTest"/>
  <testcase name="searchFlightsTest" time="16.758" classname="com.app.qa.testcases.FlightSearchTest"/>
  <testcase name="searchFlightsTest" time="15.628" classname="com.app.qa.testcases.FlightSearchTest"/>
  <testcase name="searchFlightsTest" time="17.413" classname="com.app.qa.testcases.FlightSearchTest"/>
</testsuite> <!-- com.app.qa.testcases.FlightSearchTest -->
