<?xml version="1.0" encoding="UTF-8"?>
<!-- Generated by org.testng.reporters.JUnitReportReporter -->
<testsuite skipped="0" hostname="IN5CG9292KLF" name="com.app.qa.runners.TestRunner1" tests="1" failures="0" timestamp="2019-10-31T14:03:21 IST" time="73.556" errors="0">
  <testcase name="feature" time="73.556" classname="com.app.qa.runners.TestRunner1"/>
</testsuite> <!-- com.app.qa.runners.TestRunner1 -->
